<?xml version="1.0" encoding="UTF-8"?>
<coverage generated="1606758448225" clover="3.2.0">
  <project timestamp="1606758448225" name="All files">
    <metrics statements="7" coveredstatements="4" conditionals="2" coveredconditionals="0" methods="3" coveredmethods="1" elements="12" coveredelements="5" complexity="0" loc="7" ncloc="7" packages="1" files="1" classes="1"/>
    <file name="validation.js" path="/Users/mustafaibrahim/Desktop/devStuf/homeSpotterWeather/src/components/locationSearch/validation.js">
      <metrics statements="7" coveredstatements="4" conditionals="2" coveredconditionals="0" methods="3" coveredmethods="1"/>
      <line num="1" count="1" type="stmt"/>
      <line num="6" count="2" type="stmt"/>
      <line num="7" count="2" type="stmt"/>
      <line num="9" count="0" type="cond" truecount="0" falsecount="2"/>
      <line num="10" count="0" type="stmt"/>
      <line num="11" count="0" type="stmt"/>
      <line num="48" count="1" type="stmt"/>
    </file>
  </project>
</coverage>
