{"/Users/mustafaibrahim/Desktop/devStuf/homeSpotterWeather/src/components/locationSearch/validation.js": {"path":"/Users/mustafaibrahim/Desktop/devStuf/homeSpotterWeather/src/components/locationSearch/validation.js","statementMap":{"0":{"start":{"line":1,"column":14},"end":{"line":1,"column":35}},"1":{"start":{"line":6,"column":9},"end":{"line":6,"column":97}},"2":{"start":{"line":7,"column":0},"end":{"line":11,"column":22}},"3":{"start":{"line":7,"column":28},"end":{"line":7,"column":43}},"4":{"start":{"line":9,"column":2},"end":{"line":11,"column":19}},"5":{"start":{"line":10,"column":4},"end":{"line":10,"column":15}},"6":{"start":{"line":11,"column":7},"end":{"line":11,"column":19}},"7":{"start":{"line":48,"column":0},"end":{"line":51,"column":1}}},"fnMap":{"0":{"name":"checkRoute","decl":{"start":{"line":3,"column":9},"end":{"line":3,"column":19}},"loc":{"start":{"line":3,"column":26},"end":{"line":13,"column":1}},"line":3},"1":{"name":"(anonymous_1)","decl":{"start":{"line":7,"column":16},"end":{"line":7,"column":17}},"loc":{"start":{"line":7,"column":28},"end":{"line":7,"column":43}},"line":7},"2":{"name":"(anonymous_2)","decl":{"start":{"line":8,"column":6},"end":{"line":8,"column":7}},"loc":{"start":{"line":8,"column":16},"end":{"line":11,"column":20}},"line":8}},"branchMap":{"0":{"loc":{"start":{"line":9,"column":2},"end":{"line":11,"column":19}},"type":"if","locations":[{"start":{"line":9,"column":2},"end":{"line":11,"column":19}},{"start":{"line":9,"column":2},"end":{"line":11,"column":19}}],"line":9}},"s":{"0":1,"1":2,"2":2,"3":0,"4":0,"5":0,"6":0,"7":1},"f":{"0":2,"1":0,"2":0},"b":{"0":[0,0]},"_coverageSchema":"43e27e138ebf9cfc5966b082cf9a028302ed4184","hash":"6c7834419280154f648dd7aadf97ed318e3d7da9"}
}
